Info: Starting: Create simulation model
Info: qsys-generate C:\Dev\computer-architecture\DDR3_RTL\soc_system.qsys --simulation=VERILOG --allow-mixed-language-simulation --output-directory=C:\Dev\computer-architecture\DDR3_RTL\soc_system\simulation --family="Cyclone V" --part=5CSEBA6U23I7
Progress: Loading DDR3_RTL/soc_system.qsys
Progress: Reading input file
Progress: Adding clk_50 [clock_source 20.1]
Progress: Parameterizing module clk_50
Progress: Adding ddr3 [terasic_hps_ddr3 1.0]
Progress: Parameterizing module ddr3
Progress: Adding pll [altera_pll 20.1]
Progress: Parameterizing module pll
Progress: Building connections
Progress: Parameterizing connections
Progress: Validating
Progress: Done reading input file
Info: soc_system.ddr3.hps: HPS Main PLL counter settings: n = 0  m = 63
Info: soc_system.ddr3.hps: HPS peripherial PLL counter settings: n = 0  m = 39
Warning: soc_system.ddr3.hps: set_interface_assignment: Interface "hps_io" does not exist
Info: soc_system.pll: The legal reference clock frequency is 5.0 MHz..700.0 MHz
Info: soc_system.pll: Able to implement PLL with user settings
Warning: soc_system.: You have exported the interface ddr3.hps_f2h_sdram0_data but not its associated reset interface.  Export the driver(s) of ddr3.h2f_reset
Info: soc_system: Generating soc_system "soc_system" for SIM_VERILOG
Info: Interconnect is inserted between master address_span_extender_0.expanded_master and slave hps.f2h_sdram0_data because the master has address signal 32 bit wide, but the slave is 28 bit wide.
Info: Interconnect is inserted between master address_span_extender_0.expanded_master and slave hps.f2h_sdram0_data because the master has burstcount signal 9 bit wide, but the slave is 8 bit wide.
Info: ddr3: "soc_system" instantiated terasic_hps_ddr3 "ddr3"
Info: pll: Generating simgen model
Info: pll: Info: ******************************************************************* Info: Running Quartus Prime Shell     Info: Version 20.1.1 Build 720 11/11/2020 SJ Lite Edition     Info: Copyright (C) 2020  Intel Corporation. All rights reserved.     Info: Your use of Intel Corporation's design tools, logic functions      Info: and other software and tools, and any partner logic      Info: functions, and any output files from any of the foregoing      Info: (including device programming or simulation files), and any      Info: associated documentation or information are expressly subject      Info: to the terms and conditions of the Intel Program License      Info: Subscription Agreement, the Intel Quartus Prime License Agreement,     Info: the Intel FPGA IP License Agreement, or other applicable license     Info: agreement, including, without limitation, that your use is for     Info: the sole purpose of programming logic devices manufactured by     Info: Intel and sold by Intel or its authorized distributors.  Please     Info: refer to the applicable agreement for further details, at     Info: https://fpgasoftware.intel.com/eula.     Info: Processing started: Sat Aug 21 22:19:03 2021 Info: Command: quartus_sh -t run_simgen_cmd.tcl Info: ******************************************************************* Info: Running Quartus Prime Analysis & Synthesis     Info: Version 20.1.1 Build 720 11/11/2020 SJ Lite Edition     Info: Copyright (C) 2020  Intel Corporation. All rights reserved.     Info: Your use of Intel Corporation's design tools, logic functions      Info: and other software and tools, and any partner logic      Info: functions, and any output files from any of the foregoing      Info: (including device programming or simulation files), and any      Info: associated documentation or information are expressly subject      Info: to the terms and conditions of the Intel Program License      Info: Subscription Agreement, the Intel Quartus Prime License Agreement,     Info: the Intel FPGA IP License Agreement, or other applicable license     Info: agreement, including, without limitation, that your use is for     Info: the sole purpose of programming logic devices manufactured by     Info: Intel and sold by Intel or its authorized distributors.  Please     Info: refer to the applicable agreement for further details, at     Info: https://fpgasoftware.intel.com/eula.     Info: Processing started: Sat Aug 21 22:19:04 2021 Info: Command: quartus_map soc_system_pll.qpf --simgen --ini=disable_check_quartus_compatibility_qsys_only=on --simgen_parameter=CBX_HDL_LANGUAGE=VERILOG Info (20034): Auto device selection is not supported for Cyclone V device family. The default device, 5CGXFC7C7F23C8, is set. Warning (18236): Number of processors has not been specified which may cause overloading on shared machines.  Set the global assignment NUM_PARALLEL_PROCESSORS in your QSF to an appropriate value for best performance. Info (20030): Parallel compilation is enabled and will use 6 of the 6 processors detected Info (12021): Found 1 design units, including 1 entities, in source file soc_system_pll.v     Info (12023): Found entity 1: soc_system_pll File: C:/Users/aaal3/AppData/Local/Temp/alt8860_3311645869692742243.dir/0002_pll_gen/soc_system_pll.v Line: 2 Info (12127): Elaborating entity "soc_system_pll" for the top level hierarchy Info (12128): Elaborating entity "altera_pll" for hierarchy "altera_pll:altera_pll_i" File: C:/Users/aaal3/AppData/Local/Temp/alt8860_3311645869692742243.dir/0002_pll_gen/soc_system_pll.v Line: 85 Info (10008): Verilog HDL or VHDL information: EDA Netlist Writer cannot regroup multidimensional array "wire_to_nowhere_64" into its bus Info (12130): Elaborated megafunction instantiation "altera_pll:altera_pll_i" File: C:/Users/aaal3/AppData/Local/Temp/alt8860_3311645869692742243.dir/0002_pll_gen/soc_system_pll.v Line: 85 Info (12133): Instantiated megafunction "altera_pll:altera_pll_i" with the following parameter: File: C:/Users/aaal3/AppData/Local/Temp/alt8860_3311645869692742243.dir/0002_pll_gen/soc_system_pll.v Line: 85     Info (12134): Parameter "fractional_vco_multiplier" = "false"     Info (12134): Parameter "reference_clock_frequency" = "50.0 MHz"     Info (12134): Parameter "operation_mode" = "direct"     Info (12134): Parameter "number_of_clocks" = "1"     Info (12134): Parameter "output_clock_frequency0" = "100.000000 MHz"     Info (12134): Parameter "phase_shift0" = "0 ps"     Info (12134): Parameter "duty_cycle0" = "50"     Info (12134): Parameter "output_clock_frequency1" = "0 MHz"     Info (12134): Parameter "phase_shift1" = "0 ps"     Info (12134): Parameter "duty_cycle1" = "50"     Info (12134): Parameter "output_clock_frequency2" = "0 MHz"     Info (12134): Parameter "phase_shift2" = "0 ps"     Info (12134): Parameter "duty_cycle2" = "50"     Info (12134): Parameter "output_clock_frequency3" = "0 MHz"     Info (12134): Parameter "phase_shift3" = "0 ps"     Info (12134): Parameter "duty_cycle3" = "50"     Info (12134): Parameter "output_clock_frequency4" = "0 MHz"     Info (12134): Parameter "phase_shift4" = "0 ps"     Info (12134): Parameter "duty_cycle4" = "50"     Info (12134): Parameter "output_clock_frequency5" = "0 MHz"     Info (12134): Parameter "phase_shift5" = "0 ps"     Info (12134): Parameter "duty_cycle5" = "50"     Info (12134): Parameter "output_clock_frequency6" = "0 MHz"     Info (12134): Parameter "phase_shift6" = "0 ps"     Info (12134): Parameter "duty_cycle6" = "50"     Info (12134): Parameter "output_clock_frequency7" = "0 MHz"     Info (12134): Parameter "phase_shift7" = "0 ps"     Info (12134): Parameter "duty_cycle7" = "50"     Info (12134): Parameter "output_clock_frequency8" = "0 MHz"     Info (12134): Parameter "phase_shift8" = "0 ps"     Info (12134): Parameter "duty_cycle8" = "50"     Info (12134): Parameter "output_clock_frequency9" = "0 MHz"     Info (12134): Parameter "phase_shift9" = "0 ps"     Info (12134): Parameter "duty_cycle9" = "50"     Info (12134): Parameter "output_clock_frequency10" = "0 MHz"     Info (12134): Parameter "phase_shift10" = "0 ps"     Info (12134): Parameter "duty_cycle10" = "50"     Info (12134): Parameter "output_clock_frequency11" = "0 MHz"     Info (12134): Parameter "phase_shift11" = "0 ps"     Info (12134): Parameter "duty_cycle11" = "50"     Info (12134): Parameter "output_clock_frequency12" = "0 MHz"     Info (12134): Parameter "phase_shift12" = "0 ps"     Info (12134): Parameter "duty_cycle12" = "50"     Info (12134): Parameter "output_clock_frequency13" = "0 MHz"     Info (12134): Parameter "phase_shift13" = "0 ps"     Info (12134): Parameter "duty_cycle13" = "50"     Info (12134): Parameter "output_clock_frequency14" = "0 MHz"     Info (12134): Parameter "phase_shift14" = "0 ps"     Info (12134): Parameter "duty_cycle14" = "50"     Info (12134): Parameter "output_clock_frequency15" = "0 MHz"     Info (12134): Parameter "phase_shift15" = "0 ps"     Info (12134): Parameter "duty_cycle15" = "50"     Info (12134): Parameter "output_clock_frequency16" = "0 MHz"     Info (12134): Parameter "phase_shift16" = "0 ps"     Info (12134): Parameter "duty_cycle16" = "50"     Info (12134): Parameter "output_clock_frequency17" = "0 MHz"     Info (12134): Parameter "phase_shift17" = "0 ps"     Info (12134): Parameter "duty_cycle17" = "50"     Info (12134): Parameter "pll_type" = "General"     Info (12134): Parameter "pll_subtype" = "General" Info (281010): Generating sgate simulator netlist using Simgen SIMGEN_PROGRESS Start of Model generation -- 0% complete SIMGEN_PROGRESS Phase 1 : Internal Objects created -- 25% complete SIMGEN_PROGRESS Phase 2 : Connections between internal objects made -- 60% complete SIMGEN_PROGRESS Phase 3 : Netlist generated -- 100% complete Info: Quartus Prime Analysis & Synthesis was successful. 0 errors, 1 warning     Info: Peak virtual memory: 4773 megabytes     Info: Processing ended: Sat Aug 21 22:19:10 2021     Info: Elapsed time: 00:00:06     Info: Total CPU time (on all processors): 00:00:01 Info (23030): Evaluation of Tcl script run_simgen_cmd.tcl was successful Info: Quartus Prime Shell was successful. 0 errors, 0 warnings     Info: Peak virtual memory: 4655 megabytes     Info: Processing ended: Sat Aug 21 22:19:10 2021     Info: Elapsed time: 00:00:07     Info: Total CPU time (on all processors): 00:00:01
Info: pll: Simgen was successful
Info: pll: "soc_system" instantiated altera_pll "pll"
Info: address_span_extender_0: "ddr3" instantiated altera_address_span_extender "address_span_extender_0"
Info: hps: "Running  for module: hps"
Info: hps: HPS Main PLL counter settings: n = 0  m = 63
Info: hps: HPS peripherial PLL counter settings: n = 0  m = 39
Warning: hps: set_interface_assignment: Interface "hps_io" does not exist
Info: hps: "ddr3" instantiated altera_hps "hps"
Error: hps_reset_manager_0: hps_reset_manager does not support generation for Verilog Simulation. Generation is available for: Quartus Synthesis.
Error: Generation stopped, 5 or more modules remaining
Info: soc_system: Done "soc_system" with 10 modules, 5 files
Error: qsys-generate failed with exit code 1: 2 Errors, 3 Warnings
Info: Finished: Create simulation model
Info: Starting: Create Modelsim Project.
Info: sim-script-gen --spd=C:\Dev\computer-architecture\DDR3_RTL\soc_system\soc_system.spd --output-directory=C:/Dev/computer-architecture/DDR3_RTL/soc_system/simulation/ --use-relative-paths=true
Info: Doing: ip-make-simscript --spd=C:\Dev\computer-architecture\DDR3_RTL\soc_system\soc_system.spd --output-directory=C:/Dev/computer-architecture/DDR3_RTL/soc_system/simulation/ --use-relative-paths=true
Info: Generating the following file(s) for MODELSIM simulator in C:/Dev/computer-architecture/DDR3_RTL/soc_system/simulation/ directory:
Info: 	mentor/msim_setup.tcl
Info: Generating the following file(s) for VCS simulator in C:/Dev/computer-architecture/DDR3_RTL/soc_system/simulation/ directory:
Info: 	synopsys/vcs/vcs_setup.sh
Info: Generating the following file(s) for VCSMX simulator in C:/Dev/computer-architecture/DDR3_RTL/soc_system/simulation/ directory:
Info: 	synopsys/vcsmx/synopsys_sim.setup
Info: 	synopsys/vcsmx/vcsmx_setup.sh
Info: Generating the following file(s) for NCSIM simulator in C:/Dev/computer-architecture/DDR3_RTL/soc_system/simulation/ directory:
Info: 	cadence/cds.lib
Info: 	cadence/hdl.var
Info: 	cadence/ncsim_setup.sh
Info: 	4 .cds.lib files in cadence/cds_libs/ directory
Info: Generating the following file(s) for RIVIERA simulator in C:/Dev/computer-architecture/DDR3_RTL/soc_system/simulation/ directory:
Info: 	aldec/rivierapro_setup.tcl
Info: For information on how to simulate your IP, see the explanatory comments in the simulator-specific subdirectories under C:/Dev/computer-architecture/DDR3_RTL/soc_system/simulation/.
Info: Regenerate these scripts whenever you make any change to any Quartus-generated IP in your project.
Info: Finished: Create Modelsim Project.
Info: Starting: Create block symbol file (.bsf)
Info: qsys-generate C:\Dev\computer-architecture\DDR3_RTL\soc_system.qsys --block-symbol-file --output-directory=C:\Dev\computer-architecture\DDR3_RTL\soc_system --family="Cyclone V" --part=5CSEBA6U23I7
Progress: Loading DDR3_RTL/soc_system.qsys
Progress: Reading input file
Progress: Adding clk_50 [clock_source 20.1]
Progress: Parameterizing module clk_50
Progress: Adding ddr3 [terasic_hps_ddr3 1.0]
Progress: Parameterizing module ddr3
Progress: Adding pll [altera_pll 20.1]
Progress: Parameterizing module pll
Progress: Building connections
Progress: Parameterizing connections
Progress: Validating
Progress: Done reading input file
Info: soc_system.ddr3.hps: HPS Main PLL counter settings: n = 0  m = 63
Info: soc_system.ddr3.hps: HPS peripherial PLL counter settings: n = 0  m = 39
Warning: soc_system.ddr3.hps: set_interface_assignment: Interface "hps_io" does not exist
Info: soc_system.pll: The legal reference clock frequency is 5.0 MHz..700.0 MHz
Info: soc_system.pll: Able to implement PLL with user settings
Warning: soc_system.: You have exported the interface ddr3.hps_f2h_sdram0_data but not its associated reset interface.  Export the driver(s) of ddr3.h2f_reset
Info: qsys-generate succeeded.
Info: Finished: Create block symbol file (.bsf)
Info: 
Info: Starting: Create HDL design files for synthesis
Info: qsys-generate C:\Dev\computer-architecture\DDR3_RTL\soc_system.qsys --synthesis=VERILOG --output-directory=C:\Dev\computer-architecture\DDR3_RTL\soc_system\synthesis --family="Cyclone V" --part=5CSEBA6U23I7
Progress: Loading DDR3_RTL/soc_system.qsys
Progress: Reading input file
Progress: Adding clk_50 [clock_source 20.1]
Progress: Parameterizing module clk_50
Progress: Adding ddr3 [terasic_hps_ddr3 1.0]
Progress: Parameterizing module ddr3
Progress: Adding pll [altera_pll 20.1]
Progress: Parameterizing module pll
Progress: Building connections
Progress: Parameterizing connections
Progress: Validating
Progress: Done reading input file
Info: soc_system.ddr3.hps: HPS Main PLL counter settings: n = 0  m = 63
Info: soc_system.ddr3.hps: HPS peripherial PLL counter settings: n = 0  m = 39
Warning: soc_system.ddr3.hps: set_interface_assignment: Interface "hps_io" does not exist
Info: soc_system.pll: The legal reference clock frequency is 5.0 MHz..700.0 MHz
Info: soc_system.pll: Able to implement PLL with user settings
Warning: soc_system.: You have exported the interface ddr3.hps_f2h_sdram0_data but not its associated reset interface.  Export the driver(s) of ddr3.h2f_reset
Info: soc_system: Generating soc_system "soc_system" for QUARTUS_SYNTH
Info: Interconnect is inserted between master address_span_extender_0.expanded_master and slave hps.f2h_sdram0_data because the master has address signal 32 bit wide, but the slave is 28 bit wide.
Info: Interconnect is inserted between master address_span_extender_0.expanded_master and slave hps.f2h_sdram0_data because the master has burstcount signal 9 bit wide, but the slave is 8 bit wide.
Info: ddr3: "soc_system" instantiated terasic_hps_ddr3 "ddr3"
Info: pll: "soc_system" instantiated altera_pll "pll"
Info: address_span_extender_0: "ddr3" instantiated altera_address_span_extender "address_span_extender_0"
Info: hps: "Running  for module: hps"
Info: hps: HPS Main PLL counter settings: n = 0  m = 63
Info: hps: HPS peripherial PLL counter settings: n = 0  m = 39
Warning: hps: set_interface_assignment: Interface "hps_io" does not exist
Info: hps: "ddr3" instantiated altera_hps "hps"
Info: hps_reset_manager_0: "ddr3" instantiated hps_reset_manager "hps_reset_manager_0"
Info: avalon_st_adapter: Inserting error_adapter: error_adapter_0
Info: mm_interconnect_0: "ddr3" instantiated altera_mm_interconnect "mm_interconnect_0"
Info: rst_controller: "ddr3" instantiated altera_reset_controller "rst_controller"
Info: fpga_interfaces: "hps" instantiated altera_interface_generator "fpga_interfaces"
Info: hps_io: "hps" instantiated altera_hps_io "hps_io"
Info: address_span_extender_0_expanded_master_translator: "mm_interconnect_0" instantiated altera_merlin_master_translator "address_span_extender_0_expanded_master_translator"
Info: hps_f2h_sdram0_data_translator: "mm_interconnect_0" instantiated altera_merlin_slave_translator "hps_f2h_sdram0_data_translator"
Info: address_span_extender_0_expanded_master_agent: "mm_interconnect_0" instantiated altera_merlin_master_agent "address_span_extender_0_expanded_master_agent"
Info: hps_f2h_sdram0_data_agent: "mm_interconnect_0" instantiated altera_merlin_slave_agent "hps_f2h_sdram0_data_agent"
Info: hps_f2h_sdram0_data_agent_rsp_fifo: "mm_interconnect_0" instantiated altera_avalon_sc_fifo "hps_f2h_sdram0_data_agent_rsp_fifo"
Info: router: "mm_interconnect_0" instantiated altera_merlin_router "router"
Info: router_001: "mm_interconnect_0" instantiated altera_merlin_router "router_001"
Info: hps_f2h_sdram0_data_burst_adapter: "mm_interconnect_0" instantiated altera_merlin_burst_adapter "hps_f2h_sdram0_data_burst_adapter"
Info: cmd_demux: "mm_interconnect_0" instantiated altera_merlin_demultiplexer "cmd_demux"
Info: cmd_mux: "mm_interconnect_0" instantiated altera_merlin_multiplexer "cmd_mux"
Info: rsp_mux: "mm_interconnect_0" instantiated altera_merlin_multiplexer "rsp_mux"
Info: Reusing file C:/Dev/computer-architecture/DDR3_RTL/soc_system/synthesis/submodules/altera_merlin_arbitrator.sv
Info: avalon_st_adapter: "mm_interconnect_0" instantiated altera_avalon_st_adapter "avalon_st_adapter"
Error: border: Error during execution of script generate_hps_sdram.tcl: seq: Error during execution of "{C:/intelfpga_lite/20.1.1/quartus/../nios2eds/Nios II Command Shell.bat} make all 2>> stderr.txt": child process exited abnormally
Error: border: Error during execution of script generate_hps_sdram.tcl: seq: Execution of command "{C:/intelfpga_lite/20.1.1/quartus/../nios2eds/Nios II Command Shell.bat} make all 2>> stderr.txt" failed
Error: border: Error during execution of script generate_hps_sdram.tcl: seq: child process exited abnormally
Error: border: Error during execution of script generate_hps_sdram.tcl: seq: add_fileset_file: No such file C:/Users/aaal3/AppData/Local/Temp/alt8860_7870501820630080688.dir/0004_seq_gen/hps_AC_ROM.hex
Error: border: Error during execution of script generate_hps_sdram.tcl: Generation stopped, 3 or more modules remaining
Error: border: Execution of script generate_hps_sdram.tcl failed
Error: border: 2021.08.21.22:19:37 Info:
Error: border: ********************************************************************************************************************
Error: border: 
Error: border: Use qsys-generate for a simpler command-line interface for generating IP.
Error: border: 
Error: border: Run ip-generate with switch --remove-qsys-generate-warning to prevent this notice from appearing in subsequent runs.
Error: border: 
Error: border: ********************************************************************************************************************
Error: border: 2021.08.21.22:19:39 Warning: Ignored parameter assignment device=5CSEBA6U23I7
Error: border: 2021.08.21.22:19:39 Warning: Ignored parameter assignment extended_family_support=true
Error: border: 2021.08.21.22:19:43 Warning: hps_sdram: 'Quick' simulation modes are NOT timing accurate. Some simulation memory models may issue warnings or errors
Error: border: 2021.08.21.22:19:43 Warning: hps_sdram.seq: This module has no ports or interfaces
Error: border: 2021.08.21.22:19:43 Warning: hps_sdram.p0: p0.scc must be exported, or connected to a matching conduit.
Error: border: 2021.08.21.22:19:43 Warning: hps_sdram.as: as.afi_init_cal_req must be exported, or connected to a matching conduit.
Error: border: 2021.08.21.22:19:43 Warning: hps_sdram.as: as.tracking must be exported, or connected to a matching conduit.
Error: border: 2021.08.21.22:19:43 Warning: hps_sdram.c0: c0.status must be exported, or connected to a matching conduit.
Error: border: 2021.08.21.22:19:43 Warning: hps_sdram.p0: p0.avl must be connected to an Avalon-MM master
Error: border: 2021.08.21.22:19:43 Info: hps_sdram: Generating altera_mem_if_hps_emif "hps_sdram" for QUARTUS_SYNTH
Error: border: 2021.08.21.22:19:44 Info: pll: "hps_sdram" instantiated altera_mem_if_hps_pll "pll"
Error: border: 2021.08.21.22:19:44 Info: p0: Generating clock pair generator
Error: border: 2021.08.21.22:19:45 Info: p0: Generating hps_sdram_p0_altdqdqs
Error: border: 2021.08.21.22:19:49 Info: p0:
Error: border: 2021.08.21.22:19:49 Info: p0: *****************************
Error: border: 2021.08.21.22:19:49 Info: p0:
Error: border: 2021.08.21.22:19:49 Info: p0: Remember to run the hps_sdram_p0_pin_assignments.tcl
Error: border: 2021.08.21.22:19:49 Info: p0: script after running Synthesis and before Fitting.
Error: border: 2021.08.21.22:19:49 Info: p0:
Error: border: 2021.08.21.22:19:49 Info: p0: *****************************
Error: border: 2021.08.21.22:19:49 Info: p0:
Error: border: 2021.08.21.22:19:49 Info: p0: "hps_sdram" instantiated altera_mem_if_ddr3_hard_phy_core "p0"
Error: border: 2021.08.21.22:19:49 Error: seq: Error during execution of "{C:/intelfpga_lite/20.1.1/quartus/../nios2eds/Nios II Command Shell.bat} make all 2>> stderr.txt": child process exited abnormally
Error: border: 2021.08.21.22:19:49 Error: seq: Execution of command "{C:/intelfpga_lite/20.1.1/quartus/../nios2eds/Nios II Command Shell.bat} make all 2>> stderr.txt" failed
Error: border: 2021.08.21.22:19:49 Error: seq: child process exited abnormally
Error: border: 2021.08.21.22:19:49 Error: seq: add_fileset_file: No such file C:/Users/aaal3/AppData/Local/Temp/alt8860_7870501820630080688.dir/0004_seq_gen/hps_AC_ROM.hex
Error: border: while executing
Error: border: "add_fileset_file $file_name [::alt_mem_if::util::hwtcl_utils::get_file_type $file_name 0] PATH $file_pathname"
Error: border: ("foreach" body line 4)
Error: border: invoked from within
Error: border: "foreach file_pathname $return_files_sw {
Error: border: 		_dprint 1 "Preparing to add $file_pathname"
Error: border: 		set file_name [file tail $file_pathname]
Error: border: 		add_fileset_file $..."
Error: border: (procedure "generate_sw" line 18)
Error: border: invoked from within
Error: border: "generate_sw $name $fileset"
Error: border: ("if" then script line 4)
Error: border: invoked from within
Error: border: "if {[string compare -nocase $fileset QUARTUS_SYNTH] == 0} {
Error: border: 		set top_level_file "altera_mem_if_hhp_qseq_synth_top.v"
Error: border: 		add_fileset_file $top_level_fi..."
Error: border: (procedure "generate_files" line 4)
Error: border: invoked from within
Error: border: "generate_files $name QUARTUS_SYNTH"
Error: border: (procedure "generate_synth" line 3)
Error: border: invoked from within
Error: border: "generate_synth altera_mem_if_hhp_qseq_synth_top"
Error: border: 2021.08.21.22:19:49 Info: seq: "hps_sdram" instantiated altera_mem_if_hhp_ddr3_qseq "seq"
Error: border: 2021.08.21.22:19:49 Error: Generation stopped, 3 or more modules remaining
Error: border: 2021.08.21.22:19:49 Info: hps_sdram: Done "hps_sdram" with 7 modules, 33 files
Info: border: "hps_io" instantiated altera_interface_generator "border"
Error: Generation stopped, 1 or more modules remaining
Info: soc_system: Done "soc_system" with 24 modules, 74 files
Error: qsys-generate failed with exit code 1: 66 Errors, 3 Warnings
Info: Finished: Create HDL design files for synthesis
