Info: Starting: Create block symbol file (.bsf)
Info: qsys-generate /home/al3bad-vm/Desktop/RISCV_CPU_FPGA/soc_system.qsys --block-symbol-file --output-directory=/home/al3bad-vm/Desktop/RISCV_CPU_FPGA/soc_system --family="Cyclone V" --part=5CSEBA6U23I7
Progress: Loading RISCV_CPU_FPGA/soc_system.qsys
Progress: Reading input file
Progress: Adding clk_50 [clock_source 20.1]
Progress: Parameterizing module clk_50
Progress: Adding ddr3 [custom_hps_ddr3 1.0]
Progress: Reading input file
Progress: Adding address_span_extender_0 [altera_address_span_extender 20.1]
Progress: Parameterizing module address_span_extender_0
Progress: Adding clk_50 [clock_source 20.1]
Progress: Parameterizing module clk_50
Progress: Adding clock_bridge_0 [altera_clock_bridge 20.1]
Progress: Parameterizing module clock_bridge_0
Progress: Adding hps [altera_hps 20.1]
Progress: Parameterizing module hps
Progress: Adding hps_reset_manager_0 [hps_reset_manager 1.0]
Progress: Parameterizing module hps_reset_manager_0
Progress: Building connections
Progress: Parameterizing connections
Progress: Validating
Progress: Done reading input file
Progress: Parameterizing module ddr3
Progress: Adding pll_ram [altera_pll 20.1]
Progress: Parameterizing module pll_ram
Progress: Building connections
Progress: Parameterizing connections
Progress: Validating
Progress: Done reading input file
Warning: soc_system.ddr3.hps: Setting the slave port width of interface f2h_sdram0 to 32 results in bandwidth under-utilization.  Altera recommends you set the interface data width to 64-bit or greater.
Info: soc_system.ddr3.hps: HPS Main PLL counter settings: n = 0  m = 63
Info: soc_system.ddr3.hps: HPS peripherial PLL counter settings: n = 0  m = 39
Warning: soc_system.ddr3.hps: set_interface_assignment: Interface "hps_io" does not exist
Info: soc_system.pll_ram: The legal reference clock frequency is 5.0 MHz..700.0 MHz
Info: soc_system.pll_ram: Able to implement PLL with user settings
Warning: soc_system.: You have exported the interface ddr3.hps_f2h_sdram0_data but not its associated reset interface.  Export the driver(s) of ddr3.h2f_reset
Info: qsys-generate succeeded.
Info: Finished: Create block symbol file (.bsf)
Info: 
Info: Starting: Create HDL design files for synthesis
Info: qsys-generate /home/al3bad-vm/Desktop/RISCV_CPU_FPGA/soc_system.qsys --synthesis=VERILOG --output-directory=/home/al3bad-vm/Desktop/RISCV_CPU_FPGA/soc_system/synthesis --family="Cyclone V" --part=5CSEBA6U23I7
Progress: Loading RISCV_CPU_FPGA/soc_system.qsys
Progress: Reading input file
Progress: Adding clk_50 [clock_source 20.1]
Progress: Parameterizing module clk_50
Progress: Adding ddr3 [custom_hps_ddr3 1.0]
Progress: Parameterizing module ddr3
Progress: Adding pll_ram [altera_pll 20.1]
Progress: Parameterizing module pll_ram
Progress: Building connections
Progress: Parameterizing connections
Progress: Validating
Progress: Done reading input file
Warning: soc_system.ddr3.hps: Setting the slave port width of interface f2h_sdram0 to 32 results in bandwidth under-utilization.  Altera recommends you set the interface data width to 64-bit or greater.
Info: soc_system.ddr3.hps: HPS Main PLL counter settings: n = 0  m = 63
Info: soc_system.ddr3.hps: HPS peripherial PLL counter settings: n = 0  m = 39
Warning: soc_system.ddr3.hps: set_interface_assignment: Interface "hps_io" does not exist
Info: soc_system.pll_ram: The legal reference clock frequency is 5.0 MHz..700.0 MHz
Info: soc_system.pll_ram: Able to implement PLL with user settings
Warning: soc_system.: You have exported the interface ddr3.hps_f2h_sdram0_data but not its associated reset interface.  Export the driver(s) of ddr3.h2f_reset
Info: soc_system: Generating soc_system "soc_system" for QUARTUS_SYNTH
Info: Interconnect is inserted between master address_span_extender_0.expanded_master and slave hps.f2h_sdram0_data because the master has address signal 32 bit wide, but the slave is 30 bit wide.
Info: Interconnect is inserted between master address_span_extender_0.expanded_master and slave hps.f2h_sdram0_data because the master has burstcount signal 1 bit wide, but the slave is 8 bit wide.
Info: ddr3: "soc_system" instantiated custom_hps_ddr3 "ddr3"
Info: pll_ram: "soc_system" instantiated altera_pll "pll_ram"
Info: address_span_extender_0: "ddr3" instantiated altera_address_span_extender "address_span_extender_0"
Info: hps: "Running  for module: hps"
Warning: hps: Setting the slave port width of interface f2h_sdram0 to 32 results in bandwidth under-utilization.  Altera recommends you set the interface data width to 64-bit or greater.
Info: hps: HPS Main PLL counter settings: n = 0  m = 63
Info: hps: HPS peripherial PLL counter settings: n = 0  m = 39
Warning: hps: set_interface_assignment: Interface "hps_io" does not exist
Info: hps: "ddr3" instantiated altera_hps "hps"
Info: hps_reset_manager_0: "ddr3" instantiated hps_reset_manager "hps_reset_manager_0"
Info: avalon_st_adapter: Inserting error_adapter: error_adapter_0
Info: mm_interconnect_0: "ddr3" instantiated altera_mm_interconnect "mm_interconnect_0"
Info: rst_controller: "ddr3" instantiated altera_reset_controller "rst_controller"
Info: fpga_interfaces: "hps" instantiated altera_interface_generator "fpga_interfaces"
Info: hps_io: "hps" instantiated altera_hps_io "hps_io"
Info: address_span_extender_0_expanded_master_translator: "mm_interconnect_0" instantiated altera_merlin_master_translator "address_span_extender_0_expanded_master_translator"
Info: hps_f2h_sdram0_data_translator: "mm_interconnect_0" instantiated altera_merlin_slave_translator "hps_f2h_sdram0_data_translator"
Info: address_span_extender_0_expanded_master_agent: "mm_interconnect_0" instantiated altera_merlin_master_agent "address_span_extender_0_expanded_master_agent"
Info: hps_f2h_sdram0_data_agent: "mm_interconnect_0" instantiated altera_merlin_slave_agent "hps_f2h_sdram0_data_agent"
Info: hps_f2h_sdram0_data_agent_rsp_fifo: "mm_interconnect_0" instantiated altera_avalon_sc_fifo "hps_f2h_sdram0_data_agent_rsp_fifo"
Info: router: "mm_interconnect_0" instantiated altera_merlin_router "router"
Info: router_001: "mm_interconnect_0" instantiated altera_merlin_router "router_001"
Info: cmd_demux: "mm_interconnect_0" instantiated altera_merlin_demultiplexer "cmd_demux"
Info: cmd_mux: "mm_interconnect_0" instantiated altera_merlin_multiplexer "cmd_mux"
Info: rsp_mux: "mm_interconnect_0" instantiated altera_merlin_multiplexer "rsp_mux"
Info: Reusing file /home/al3bad-vm/Desktop/RISCV_CPU_FPGA/soc_system/synthesis/submodules/altera_merlin_arbitrator.sv
Info: avalon_st_adapter: "mm_interconnect_0" instantiated altera_avalon_st_adapter "avalon_st_adapter"
Info: border: "hps_io" instantiated altera_interface_generator "border"
Info: error_adapter_0: "avalon_st_adapter" instantiated error_adapter "error_adapter_0"
Info: soc_system: Done "soc_system" with 23 modules, 73 files
Info: qsys-generate succeeded.
Info: Finished: Create HDL design files for synthesis
